# JRE version: Java(TM) SE Runtime Environment (8.0_101-b13) (build 1.8.0_101-b13)
# Java VM: Java HotSpot(TM) Client VM (25.101-b13 mixed mode windows-x86 )
Heap:
 def new generation   total 4928K, used 2650K [0x12200000, 0x12750000, 0x17750000)
  eden space 4416K,  48% used [0x12200000, 0x12416848, 0x12650000)
  from space 512K, 100% used [0x12650000, 0x126d0000, 0x126d0000)
  to   space 512K,   0% used [0x126d0000, 0x126d0000, 0x12750000)
 tenured generation   total 10944K, used 9531K [0x17750000, 0x18200000, 0x22200000)
   the space 10944K,  87% used [0x17750000, 0x1809ef78, 0x1809f000, 0x18200000)
 Metaspace       used 3182K, capacity 3332K, committed 3392K, reserved 4480K
GC Heap History (10 events):
Event: 10971.565 GC heap before
{Heap before GC invocations=3 (full 0):
 def new generation   total 4928K, used 4928K [0x12200000, 0x12750000, 0x17750000)
  eden space 4416K, 100% used [0x12200000, 0x12650000, 0x12650000)
  from space 512K, 100% used [0x126d0000, 0x12750000, 0x12750000)
  to   space 512K,   0% used [0x12650000, 0x12650000, 0x126d0000)
 tenured generation   total 10944K, used 3291K [0x17750000, 0x18200000, 0x22200000)
   the space 10944K,  30% used [0x17750000, 0x17a86c90, 0x17a86e00, 0x18200000)
 Metaspace       used 3182K, capacity 3332K, committed 3392K, reserved 4480K
Event: 10971.570 GC heap after
Heap after GC invocations=4 (full 0):
 def new generation   total 4928K, used 512K [0x12200000, 0x12750000, 0x17750000)
  eden space 4416K,   0% used [0x12200000, 0x12200000, 0x12650000)
  from space 512K, 100% used [0x12650000, 0x126d0000, 0x126d0000)
  to   space 512K,   0% used [0x126d0000, 0x126d0000, 0x12750000)
 tenured generation   total 10944K, used 4544K [0x17750000, 0x18200000, 0x22200000)
   the space 10944K,  41% used [0x17750000, 0x17bc03f0, 0x17bc0400, 0x18200000)
 Metaspace       used 3182K, capacity 3332K, committed 3392K, reserved 4480K
}
Event: 12177.952 GC heap before
{Heap before GC invocations=4 (full 0):
 def new generation   total 4928K, used 4928K [0x12200000, 0x12750000, 0x17750000)
  eden space 4416K, 100% used [0x12200000, 0x12650000, 0x12650000)
  from space 512K, 100% used [0x12650000, 0x126d0000, 0x126d0000)
  to   space 512K,   0% used [0x126d0000, 0x126d0000, 0x12750000)
 tenured generation   total 10944K, used 4544K [0x17750000, 0x18200000, 0x22200000)
   the space 10944K,  41% used [0x17750000, 0x17bc03f0, 0x17bc0400, 0x18200000)
 Metaspace       used 3182K, capacity 3332K, committed 3392K, reserved 4480K
Event: 12177.963 GC heap after
Heap after GC invocations=5 (full 0):
 def new generation   total 4928K, used 512K [0x12200000, 0x12750000, 0x17750000)
  eden space 4416K,   0% used [0x12200000, 0x12200000, 0x12650000)
  from space 512K, 100% used [0x126d0000, 0x12750000, 0x12750000)
  to   space 512K,   0% used [0x12650000, 0x12650000, 0x126d0000)
 tenured generation   total 10944K, used 5803K [0x17750000, 0x18200000, 0x22200000)
   the space 10944K,  53% used [0x17750000, 0x17cfac58, 0x17cfae00, 0x18200000)
 Metaspace       used 3182K, capacity 3332K, committed 3392K, reserved 4480K
}
Event: 12917.693 GC heap before
{Heap before GC invocations=5 (full 0):
 def new generation   total 4928K, used 4928K [0x12200000, 0x12750000, 0x17750000)
  eden space 4416K, 100% used [0x12200000, 0x12650000, 0x12650000)
  from space 512K, 100% used [0x126d0000, 0x12750000, 0x12750000)
  to   space 512K,   0% used [0x12650000, 0x12650000, 0x126d0000)
 tenured generation   total 10944K, used 5803K [0x17750000, 0x18200000, 0x22200000)
   the space 10944K,  53% used [0x17750000, 0x17cfac58, 0x17cfae00, 0x18200000)
 Metaspace       used 3182K, capacity 3332K, committed 3392K, reserved 4480K
Event: 12917.700 GC heap after
Heap after GC invocations=6 (full 0):
 def new generation   total 4928K, used 512K [0x12200000, 0x12750000, 0x17750000)
  eden space 4416K,   0% used [0x12200000, 0x12200000, 0x12650000)
  from space 512K, 100% used [0x12650000, 0x126d0000, 0x126d0000)
  to   space 512K,   0% used [0x126d0000, 0x126d0000, 0x12750000)
 tenured generation   total 10944K, used 7048K [0x17750000, 0x18200000, 0x22200000)
   the space 10944K,  64% used [0x17750000, 0x17e32050, 0x17e32200, 0x18200000)
 Metaspace       used 3182K, capacity 3332K, committed 3392K, reserved 4480K
}
Event: 13710.574 GC heap before
{Heap before GC invocations=6 (full 0):
 def new generation   total 4928K, used 4928K [0x12200000, 0x12750000, 0x17750000)
  eden space 4416K, 100% used [0x12200000, 0x12650000, 0x12650000)
  from space 512K, 100% used [0x12650000, 0x126d0000, 0x126d0000)
  to   space 512K,   0% used [0x126d0000, 0x126d0000, 0x12750000)
 tenured generation   total 10944K, used 7048K [0x17750000, 0x18200000, 0x22200000)
   the space 10944K,  64% used [0x17750000, 0x17e32050, 0x17e32200, 0x18200000)
 Metaspace       used 3182K, capacity 3332K, committed 3392K, reserved 4480K
Event: 13710.585 GC heap after
Heap after GC invocations=7 (full 0):
 def new generation   total 4928K, used 512K [0x12200000, 0x12750000, 0x17750000)
  eden space 4416K,   0% used [0x12200000, 0x12200000, 0x12650000)
  from space 512K, 100% used [0x126d0000, 0x12750000, 0x12750000)
  to   space 512K,   0% used [0x12650000, 0x12650000, 0x126d0000)
 tenured generation   total 10944K, used 8289K [0x17750000, 0x18200000, 0x22200000)
   the space 10944K,  75% used [0x17750000, 0x17f68730, 0x17f68800, 0x18200000)
 Metaspace       used 3182K, capacity 3332K, committed 3392K, reserved 4480K
}
Event: 14558.938 GC heap before
{Heap before GC invocations=7 (full 0):
 def new generation   total 4928K, used 4928K [0x12200000, 0x12750000, 0x17750000)
  eden space 4416K, 100% used [0x12200000, 0x12650000, 0x12650000)
  from space 512K, 100% used [0x126d0000, 0x12750000, 0x12750000)
  to   space 512K,   0% used [0x12650000, 0x12650000, 0x126d0000)
 tenured generation   total 10944K, used 8289K [0x17750000, 0x18200000, 0x22200000)
   the space 10944K,  75% used [0x17750000, 0x17f68730, 0x17f68800, 0x18200000)
 Metaspace       used 3182K, capacity 3332K, committed 3392K, reserved 4480K
Event: 14558.954 GC heap after
Heap after GC invocations=8 (full 0):
 def new generation   total 4928K, used 512K [0x12200000, 0x12750000, 0x17750000)
  eden space 4416K,   0% used [0x12200000, 0x12200000, 0x12650000)
  from space 512K, 100% used [0x12650000, 0x126d0000, 0x126d0000)
  to   space 512K,   0% used [0x126d0000, 0x126d0000, 0x12750000)
 tenured generation   total 10944K, used 9531K [0x17750000, 0x18200000, 0x22200000)
   the space 10944K,  87% used [0x17750000, 0x1809ef78, 0x1809f000, 0x18200000)
 Metaspace       used 3182K, capacity 3332K, committed 3392K, reserved 4480K
}

